<?xml version="1.0" encoding="UTF-8" ?>
<testsuite errors="0" failures="0" hostname="Scotts-MacBook-Pro-2.local" name="paystation.domain.PayStationImplTest" skipped="0" tests="10" time="0.129" timestamp="2019-01-30T00:05:44">
  <properties>
    <property name="libs.Java-EE-GlassFish-v3-Prelude.classpath" value="/Applications/NetBeans/glassfish-4.1.1/glassfish/modules/endorsed/javax.annotation-api.jar:/Applications/NetBeans/glassfish-4.1.1/glassfish/modules/endorsed/jaxb-api.jar:/Applications/NetBeans/glassfish-4.1.1/glassfish/modules/endorsed/webservices-api-osgi.jar:/Applications/NetBeans/glassfish-4.1.1/glassfish/modules/bean-validator.jar:/Applications/NetBeans/glassfish-4.1.1/glassfish/modules/cdi-api.jar:/Applications/NetBeans/glassfish-4.1.1/glassfish/modules/javax.batch-api.jar:/Applications/NetBeans/glassfish-4.1.1/glassfish/modules/javax.ejb-api.jar:/Applications/NetBeans/glassfish-4.1.1/glassfish/modules/javax.el.jar:/Applications/NetBeans/glassfish-4.1.1/glassfish/modules/javax.enterprise.concurrent-api.jar:/Applications/NetBeans/glassfish-4.1.1/glassfish/modules/javax.enterprise.concurrent.jar:/Applications/NetBeans/glassfish-4.1.1/glassfish/modules/javax.enterprise.deploy-api.jar:/Applications/NetBeans/glassfish-4.1.1/glassfish/modules/javax.faces.jar:/Applications/NetBeans/glassfish-4.1.1/glassfish/modules/javax.inject.jar:/Applications/NetBeans/glassfish-4.1.1/glassfish/modules/javax.interceptor-api.jar:/Applications/NetBeans/glassfish-4.1.1/glassfish/modules/javax.jms-api.jar:/Applications/NetBeans/glassfish-4.1.1/glassfish/modules/javax.json.jar:/Applications/NetBeans/glassfish-4.1.1/glassfish/modules/javax.mail.jar:/Applications/NetBeans/glassfish-4.1.1/glassfish/modules/javax.management.j2ee-api.jar:/Applications/NetBeans/glassfish-4.1.1/glassfish/modules/javax.persistence.jar:/Applications/NetBeans/glassfish-4.1.1/glassfish/modules/javax.resource-api.jar:/Applications/NetBeans/glassfish-4.1.1/glassfish/modules/javax.security.auth.message-api.jar:/Applications/NetBeans/glassfish-4.1.1/glassfish/modules/javax.security.jacc-api.jar:/Applications/NetBeans/glassfish-4.1.1/glassfish/modules/javax.servlet-api.jar:/Applications/NetBeans/glassfish-4.1.1/glassfish/modules/javax.servlet.jsp-api.jar:/Applications/NetBeans/glassfish-4.1.1/glassfish/modules/javax.servlet.jsp.jar:/Applications/NetBeans/glassfish-4.1.1/glassfish/modules/javax.servlet.jsp.jstl-api.jar:/Applications/NetBeans/glassfish-4.1.1/glassfish/modules/javax.servlet.jsp.jstl.jar:/Applications/NetBeans/glassfish-4.1.1/glassfish/modules/javax.transaction-api.jar:/Applications/NetBeans/glassfish-4.1.1/glassfish/modules/javax.websocket-api.jar:/Applications/NetBeans/glassfish-4.1.1/glassfish/modules/javax.ws.rs-api.jar:/Applications/NetBeans/glassfish-4.1.1/glassfish/modules/javax.xml.registry-api.jar:/Applications/NetBeans/glassfish-4.1.1/glassfish/modules/javax.xml.rpc-api.jar:/Applications/NetBeans/glassfish-4.1.1/glassfish/modules/jaxb-osgi.jar:/Applications/NetBeans/glassfish-4.1.1/glassfish/modules/webservices-osgi.jar:/Applications/NetBeans/glassfish-4.1.1/glassfish/modules/weld-osgi-bundle.jar:/Applications/NetBeans/glassfish-4.1.1/mq/lib/jaxm-api.jar" />
    <property name="libs.spring-framework300.classpath" value="/Users/scttohara/Desktop/netbeans/ide/modules/org-apache-commons-logging.jar:/Users/scttohara/Desktop/netbeans/java/modules/ext/cglib-2.2.jar:/Users/scttohara/Desktop/netbeans/java/modules/ext/spring-3.0/spring-aop-3.2.7.RELEASE.jar:/Users/scttohara/Desktop/netbeans/java/modules/ext/spring-3.0/spring-aspects-3.2.7.RELEASE.jar:/Users/scttohara/Desktop/netbeans/java/modules/ext/spring-3.0/spring-beans-3.2.7.RELEASE.jar:/Users/scttohara/Desktop/netbeans/java/modules/ext/spring-3.0/spring-build-src-3.2.7.RELEASE.jar:/Users/scttohara/Desktop/netbeans/java/modules/ext/spring-3.0/spring-context-3.2.7.RELEASE.jar:/Users/scttohara/Desktop/netbeans/java/modules/ext/spring-3.0/spring-context-support-3.2.7.RELEASE.jar:/Users/scttohara/Desktop/netbeans/java/modules/ext/spring-3.0/spring-core-3.2.7.RELEASE.jar:/Users/scttohara/Desktop/netbeans/java/modules/ext/spring-3.0/spring-expression-3.2.7.RELEASE.jar:/Users/scttohara/Desktop/netbeans/java/modules/ext/spring-3.0/spring-framework-bom-3.2.7.RELEASE.jar:/Users/scttohara/Desktop/netbeans/java/modules/ext/spring-3.0/spring-instrument-3.2.7.RELEASE.jar:/Users/scttohara/Desktop/netbeans/java/modules/ext/spring-3.0/spring-instrument-tomcat-3.2.7.RELEASE.jar:/Users/scttohara/Desktop/netbeans/java/modules/ext/spring-3.0/spring-jdbc-3.2.7.RELEASE.jar:/Users/scttohara/Desktop/netbeans/java/modules/ext/spring-3.0/spring-jms-3.2.7.RELEASE.jar:/Users/scttohara/Desktop/netbeans/java/modules/ext/spring-3.0/spring-orm-3.2.7.RELEASE.jar:/Users/scttohara/Desktop/netbeans/java/modules/ext/spring-3.0/spring-oxm-3.2.7.RELEASE.jar:/Users/scttohara/Desktop/netbeans/java/modules/ext/spring-3.0/spring-struts-3.2.7.RELEASE.jar:/Users/scttohara/Desktop/netbeans/java/modules/ext/spring-3.0/spring-test-3.2.7.RELEASE.jar:/Users/scttohara/Desktop/netbeans/java/modules/ext/spring-3.0/spring-tx-3.2.7.RELEASE.jar:/Users/scttohara/Desktop/netbeans/java/modules/ext/spring-3.0/spring-web-3.2.7.RELEASE.jar:/Users/scttohara/Desktop/netbeans/java/modules/ext/spring-3.0/spring-webmvc-3.2.7.RELEASE.jar:/Users/scttohara/Desktop/netbeans/java/modules/ext/spring-3.0/spring-webmvc-portlet-3.2.7.RELEASE.jar" />
    <property name="javac.test.classpath" value=":build/classes:/Users/scttohara/Desktop/netbeans/platform/modules/ext/junit-4.12.jar:/Users/scttohara/Desktop/netbeans/platform/modules/ext/hamcrest-core-1.3.jar" />
    <property name="java.specification.version" value="10" />
    <property name="sun.cpu.isalist" value="" />
    <property name="jar.index.metainf" value="false" />
    <property name="do.depend" value="false" />
    <property name="javadoc.preview" value="true" />
    <property name="libs.spring-framework400.classpath" value="/Users/scttohara/Desktop/netbeans/ide/modules/org-apache-commons-logging.jar:/Users/scttohara/Desktop/netbeans/java/modules/ext/cglib-2.2.jar:/Users/scttohara/Desktop/netbeans/java/modules/ext/spring-4/spring-aop-4.0.1.RELEASE.jar:/Users/scttohara/Desktop/netbeans/java/modules/ext/spring-4/spring-aspects-4.0.1.RELEASE.jar:/Users/scttohara/Desktop/netbeans/java/modules/ext/spring-4/spring-beans-4.0.1.RELEASE.jar:/Users/scttohara/Desktop/netbeans/java/modules/ext/spring-4/spring-build-src-4.0.1.RELEASE.jar:/Users/scttohara/Desktop/netbeans/java/modules/ext/spring-4/spring-context-4.0.1.RELEASE.jar:/Users/scttohara/Desktop/netbeans/java/modules/ext/spring-4/spring-context-support-4.0.1.RELEASE.jar:/Users/scttohara/Desktop/netbeans/java/modules/ext/spring-4/spring-core-4.0.1.RELEASE.jar:/Users/scttohara/Desktop/netbeans/java/modules/ext/spring-4/spring-expression-4.0.1.RELEASE.jar:/Users/scttohara/Desktop/netbeans/java/modules/ext/spring-4/spring-framework-bom-4.0.1.RELEASE.jar:/Users/scttohara/Desktop/netbeans/java/modules/ext/spring-4/spring-instrument-4.0.1.RELEASE.jar:/Users/scttohara/Desktop/netbeans/java/modules/ext/spring-4/spring-instrument-tomcat-4.0.1.RELEASE.jar:/Users/scttohara/Desktop/netbeans/java/modules/ext/spring-4/spring-jdbc-4.0.1.RELEASE.jar:/Users/scttohara/Desktop/netbeans/java/modules/ext/spring-4/spring-jms-4.0.1.RELEASE.jar:/Users/scttohara/Desktop/netbeans/java/modules/ext/spring-4/spring-messaging-4.0.1.RELEASE.jar:/Users/scttohara/Desktop/netbeans/java/modules/ext/spring-4/spring-orm-4.0.1.RELEASE.jar:/Users/scttohara/Desktop/netbeans/java/modules/ext/spring-4/spring-oxm-4.0.1.RELEASE.jar:/Users/scttohara/Desktop/netbeans/java/modules/ext/spring-4/spring-test-4.0.1.RELEASE.jar:/Users/scttohara/Desktop/netbeans/java/modules/ext/spring-4/spring-tx-4.0.1.RELEASE.jar:/Users/scttohara/Desktop/netbeans/java/modules/ext/spring-4/spring-web-4.0.1.RELEASE.jar:/Users/scttohara/Desktop/netbeans/java/modules/ext/spring-4/spring-webmvc-4.0.1.RELEASE.jar:/Users/scttohara/Desktop/netbeans/java/modules/ext/spring-4/spring-webmvc-portlet-4.0.1.RELEASE.jar:/Users/scttohara/Desktop/netbeans/java/modules/ext/spring-4/spring-websocket-4.0.1.RELEASE.jar" />
    <property name="test.binaryincludes" value="&lt;nothing&gt;" />
    <property name="sun.arch.data.model" value="64" />
    <property name="nb.show.statistics.ui" value="usageStatisticsEnabled" />
    <property name="sun.font.fontmanager" value="sun.font.CFontManager" />
    <property name="debug-transport" value="dt_socket" />
    <property name="java.vendor.url" value="http://java.oracle.com/" />
    <property name="annotation.processing.enabled" value="true" />
    <property name="libs.jaxb.classpath" value="/Users/scttohara/Desktop/netbeans/ide/modules/ext/jaxb/jaxb-impl-2.2.5-2.jar:/Users/scttohara/Desktop/netbeans/ide/modules/ext/jaxb/jaxb-xjc-2.2.5-2.jar:/Users/scttohara/Desktop/netbeans/ide/modules/ext/jaxb/jaxb1-impl-2.2.5-2.jar:/Users/scttohara/Desktop/netbeans/ide/modules/ext/jaxb/activation.jar:/Users/scttohara/Desktop/netbeans/ide/modules/ext/jaxb/api/jaxb-api.jar" />
    <property name="debug.modulepath" value="" />
    <property name="libs.eclipselink.javadoc" value="/Users/scttohara/Desktop/netbeans/java/modules/ext/docs/javax.persistence-2.1.0-doc.zip" />
    <property name="libs.JWSAntTasks.javadoc" value="" />
    <property name="sun.boot.library.path" value="/Library/Java/JavaVirtualMachines/jdk-10.0.2.jdk/Contents/Home/lib" />
    <property name="sun.java.command" value="org.apache.tools.ant.taskdefs.optional.junit.JUnitTestRunner paystation.domain.PayStationImplTest skipNonTests=false filtertrace=true haltOnError=false haltOnFailure=false showoutput=true outputtoformatters=true logfailedtests=true threadid=0 logtestlistenerevents=true formatter=org.apache.tools.ant.taskdefs.optional.junit.BriefJUnitResultFormatter formatter=org.apache.tools.ant.taskdefs.optional.junit.XMLJUnitResultFormatter,/Users/scttohara/Desktop/Lab3_TDD/paystationtdd-team_for_paystationtdd/build/test/results/TEST-paystation.domain.PayStationImplTest.xml crashfile=/Users/scttohara/Desktop/Lab3_TDD/paystationtdd-team_for_paystationtdd/build/junitvmwatcher11639814805450983299.properties propsfile=/Users/scttohara/Desktop/Lab3_TDD/paystationtdd-team_for_paystationtdd/build/junit1224182439550473313.properties" />
    <property name="libs.CopyLibs.src" value="" />
    <property name="jdk.debug" value="release" />
    <property name="libs.spring-framework300.src" value="" />
    <property name="java.specification.vendor" value="Oracle Corporation" />
    <property name="javac.source" value="1.8" />
    <property name="javadoc.use" value="true" />
    <property name="libs.javac-api.maven-pom" value="" />
    <property name="java.version.date" value="2018-07-17" />
    <property name="javadoc.notree" value="false" />
    <property name="java.home" value="/Library/Java/JavaVirtualMachines/jdk-10.0.2.jdk/Contents/Home" />
    <property name="basedir" value="/Users/scttohara/Desktop/Lab3_TDD/paystationtdd-team_for_paystationtdd" />
    <property name="application.vendor" value="Paul" />
    <property name="work.dir" value="/Users/scttohara/Desktop/Lab3_TDD/paystationtdd-team_for_paystationtdd" />
    <property name="java.vm.specification.vendor" value="Oracle Corporation" />
    <property name="java.specification.name" value="Java Platform API Specification" />
    <property name="javac.test.compilerargs" value="" />
    <property name="jna.boot.library.name" value="jnidispatch-440" />
    <property name="libs.PostgreSQLDriver.classpath" value="/Users/scttohara/Desktop/netbeans/ide/modules/ext/postgresql-9.4.1209.jar" />
    <property name="libs.javac-api.javadoc" value="" />
    <property name="libs.JAXB-ENDORSED.src" value="" />
    <property name="netbeans.extbrowser.manual_chrome_plugin_install" value="yes" />
    <property name="manifest.encoding" value="UTF-8" />
    <property name="netbeans.default_userdir_root" value="/Users/scttohara/Library/Application Support/NetBeans" />
    <property name="libs.spring-framework400.src" value="" />
    <property name="sun.management.compiler" value="HotSpot 64-Bit Tiered Compilers" />
    <property name="run.test.modulepath" value="" />
    <property name="jdk.home" value="/Library/Java/JavaVirtualMachines/jdk-10.0.2.jdk/Contents/Home" />
    <property name="java.runtime.version" value="10.0.2+13" />
    <property name="libs.eclipselink.maven-pom" value="" />
    <property name="libs.JAXB-ENDORSED.javadoc" value="" />
    <property name="debug.test.modulepath" value="" />
    <property name="file.encoding" value="UTF-8" />
    <property name="sun.java2d.noddraw" value="true" />
    <property name="java.util.logging.config.class" value="org.netbeans.core.startup.TopLogging" />
    <property name="sun.zip.disableMemoryMapping" value="true" />
    <property name="libs.Comet-GlassFish-v3.maven-pom" value="" />
    <property name="https.nonProxyHosts" value="localhost|127.0.0.1|Scotts-MacBook-Pro-2.local" />
    <property name="java.vendor.version" value="18.3" />
    <property name="libs.absolutelayout.classpath" value="/Users/scttohara/Desktop/netbeans/java/modules/ext/AbsoluteLayout.jar" />
    <property name="java.io.tmpdir" value="/var/folders/jf/cq5106hs2hbc0scnzjzyjs2w0000gn/T/" />
    <property name="org.openide.awt.ActionReference.completion" value="org.netbeans.modules.apisupport.project.layers.PathCompletions" />
    <property name="do.archive" value="true" />
    <property name="java.version" value="10.0.2" />
    <property name="java.vm.specification.name" value="Java Virtual Machine Specification" />
    <property name="java.awt.printerjob" value="sun.lwawt.macosx.CPrinterJob" />
    <property name="built-jar.properties" value="/Users/scttohara/Desktop/Lab3_TDD/paystationtdd-team_for_paystationtdd/build/built-jar.properties" />
    <property name="nb.native.filechooser" value="false" />
    <property name="libs.testng.src" value="" />
    <property name="libs.hamcrest.src" value="" />
    <property name="platform.active" value="default_platform" />
    <property name="java.library.path" value="/Users/scttohara/Library/Java/Extensions:/Library/Java/Extensions:/Network/Library/Java/Extensions:/System/Library/Java/Extensions:/usr/lib/java:." />
    <property name="java.vendor" value="Oracle Corporation" />
    <property name="manifest.file" value="manifest.mf" />
    <property name="libs.testng.javadoc" value="/Users/scttohara/Desktop/netbeans/platform/docs/testng-6.8.1-javadoc.zip" />
    <property name="meta.inf.dir" value="src/META-INF" />
    <property name="sun.io.unicode.encoding" value="UnicodeBig" />
    <property name="libs.testng.maven-pom" value="" />
    <property name="org.openide.version" value="deprecated" />
    <property name="default.javac.source" value="10" />
    <property name="netbeans.dynamic.classpath" value="/Users/scttohara/Desktop/netbeans/platform/core/org-netbeans-libs-asm.jar:/Users/scttohara/Desktop/netbeans/platform/core/org-openide-filesystems-compat8.jar:/Users/scttohara/Desktop/netbeans/platform/core/asm-all-5.0.1.jar:/Users/scttohara/Desktop/netbeans/platform/core/org-openide-filesystems.jar:/Users/scttohara/Desktop/netbeans/platform/core/core.jar:/Users/scttohara/Desktop/netbeans/platform/core/core-base.jar:/Users/scttohara/Desktop/netbeans/nb/core/org-netbeans-upgrader.jar:/Users/scttohara/Desktop/netbeans/nb/core/locale/core_nb.jar" />
    <property name="libs.JAVADB_DRIVER_LABEL.src" value="" />
    <property name="run.classpath" value=":build/classes" />
    <property name="libs.jaxb.src" value="" />
    <property name="libs.eclipselinkmodelgen.classpath" value="/Users/scttohara/Desktop/netbeans/java/modules/ext/eclipselink/org.eclipse.persistence.jpa.modelgen.processor-2.5.2.jar" />
    <property name="sun.awt.enableExtraMouseButtons" value="true" />
    <property name="test.src.dir" value="test" />
    <property name="org.openide.major.version" value="IDE/1" />
    <property name="libs.spring-framework300.javadoc" value="" />
    <property name="netbeans.buildnumber" value="incubator-netbeans-release-334-on-20180708" />
    <property name="ap.proc.none.internal" value="" />
    <property name="org.openide.specification.version" value="6.2" />
    <property name="endorsed.classpath.cmd.line.arg" value="" />
    <property name="user.timezone" value="" />
    <property name="libs.jpa20-persistence.maven-pom" value="" />
    <property name="jar.index" value="false" />
    <property name="libs.jpa20-persistence.classpath" value="/Users/scttohara/Desktop/netbeans/java/modules/ext/eclipselink/javax.persistence-2.1.0.jar" />
    <property name="os.name" value="Mac OS X" />
    <property name="libs.eclipselinkmodelgen.javadoc" value="" />
    <property name="libs.CopyLibs.maven-pom" value="" />
    <property name="build.sysclasspath" value="ignore" />
    <property name="java.vm.specification.version" value="10" />
    <property name="javadoc.noindex" value="false" />
    <property name="jdkBug6558476" value="false" />
    <property name="javadoc.private" value="false" />
    <property name="javadoc.author" value="false" />
    <property name="http.nonProxyHosts" value="local|*.local|169.254/16|*.169.254/16" />
    <property name="main.class" value="" />
    <property name="libs.JAXB-ENDORSED.maven-pom" value="" />
    <property name="user.home" value="/Users/scttohara" />
    <property name="source.encoding" value="UTF-8" />
    <property name="libs.eclipselinkmodelgen.maven-pom" value="" />
    <property name="jar.compress" value="false" />
    <property name="have.sources" value="true" />
    <property name="annotation.processing.processors.list" value="" />
    <property name="javac.deprecation" value="false" />
    <property name="java.awt.graphicsenv" value="sun.awt.CGraphicsEnvironment" />
    <property name="build.generated.sources.dir" value="build/generated-sources" />
    <property name="apple.awt.graphics.UseQuartz" value="true" />
    <property name="plugin.manager.check.updates" value="false" />
    <property name="ant.file.type.paystation" value="file" />
    <property name="run.jvmargs" value="" />
    <property name="netbeans.autoupdate.language" value="en" />
    <property name="libs.eclipselinkmodelgen.src" value="" />
    <property name="build.compiler.emacs" value="true" />
    <property name="build.classes.excludes" value="**/*.java,**/*.form" />
    <property name="dist.jar" value="dist/paystation.jar" />
    <property name="ant.file" value="/Users/scttohara/Desktop/Lab3_TDD/paystationtdd-team_for_paystationtdd/build.xml" />
    <property name="path.separator" value=":" />
    <property name="os.version" value="10.14.2" />
    <property name="libs.JAXB-ENDORSED.classpath" value="/Users/scttohara/Desktop/netbeans/ide/modules/ext/jaxb/api/jaxb-api.jar" />
    <property name="netbeans.home" value="/Users/scttohara/Desktop/netbeans/platform" />
    <property name="libs.CopyLibs.javadoc" value="" />
    <property name="debug-transport-by-os" value="dt_socket" />
    <property name="build.test.results.dir" value="build/test/results" />
    <property name="libs.jaxws21.javadoc" value="/Users/scttohara/Desktop/netbeans/java/docs/jaxws-api-doc.zip" />
    <property name="libs.spring-framework400.maven-pom" value="" />
    <property name="ap.processors.internal" value="" />
    <property name="java.vm.name" value="Java HotSpot(TM) 64-Bit Server VM" />
    <property name="libs.Comet-GlassFish-v3.src" value="" />
    <property name="libs.jaxws21.classpath" value="/Users/scttohara/Desktop/netbeans/java/modules/ext/jaxws22/FastInfoset.jar:/Users/scttohara/Desktop/netbeans/java/modules/ext/jaxws22/gmbal-api-only.jar:/Users/scttohara/Desktop/netbeans/java/modules/ext/jaxws22/ha-api.jar:/Users/scttohara/Desktop/netbeans/java/modules/ext/jaxws22/javax.mail_1.4.jar:/Users/scttohara/Desktop/netbeans/java/modules/ext/jaxws22/jaxws-rt.jar:/Users/scttohara/Desktop/netbeans/java/modules/ext/jaxws22/jaxws-tools.jar:/Users/scttohara/Desktop/netbeans/java/modules/ext/jaxws22/management-api.jar:/Users/scttohara/Desktop/netbeans/java/modules/ext/jaxws22/mimepull.jar:/Users/scttohara/Desktop/netbeans/java/modules/ext/jaxws22/policy.jar:/Users/scttohara/Desktop/netbeans/java/modules/ext/jaxws22/saaj-impl.jar:/Users/scttohara/Desktop/netbeans/java/modules/ext/jaxws22/stax-ex.jar:/Users/scttohara/Desktop/netbeans/java/modules/ext/jaxws22/stax2-api.jar:/Users/scttohara/Desktop/netbeans/java/modules/ext/jaxws22/streambuffer.jar:/Users/scttohara/Desktop/netbeans/java/modules/ext/jaxws22/woodstox-core-asl.jar:/Users/scttohara/Desktop/netbeans/java/modules/ext/jaxws22/api/jaxws-api.jar:/Users/scttohara/Desktop/netbeans/java/modules/ext/jaxws22/api/jsr181-api.jar:/Users/scttohara/Desktop/netbeans/java/modules/ext/jaxws22/api/javax.annotation.jar:/Users/scttohara/Desktop/netbeans/java/modules/ext/jaxws22/api/saaj-api.jar:/Users/scttohara/Desktop/netbeans/ide/modules/ext/jaxb/activation.jar:/Users/scttohara/Desktop/netbeans/ide/modules/ext/jaxb/api/jaxb-api.jar" />
    <property name="os.arch" value="x86_64" />
    <property name="libs.hamcrest.javadoc" value="" />
    <property name="libs.spring-framework400.javadoc" value="" />
    <property name="build.generated.dir" value="build/generated" />
    <property name="libs.javac-api.src" value="" />
    <property name="java.vm.info" value="mixed mode" />
    <property name="libs.jaxws21.maven-pom" value="" />
    <property name="run.test.classpath" value=":build/classes:/Users/scttohara/Desktop/netbeans/platform/modules/ext/junit-4.12.jar:/Users/scttohara/Desktop/netbeans/platform/modules/ext/hamcrest-core-1.3.jar:build/test/classes" />
    <property name="java.class.version" value="54.0" />
    <property name="javadoc.encoding.used" value="UTF-8" />
    <property name="src.dir" value="src" />
    <property name="org.netbeans.io.suspend" value="0" />
    <property name="debug.classpath" value=":build/classes" />
    <property name="ant.project.default-target" value="default" />
    <property name="awt.toolkit" value="sun.lwawt.macosx.LWCToolkit" />
    <property name="excludes" value="" />
    <property name="ant.project.name" value="paystation" />
    <property name="dist.javadoc.dir" value="dist/javadoc" />
    <property name="sun.jnu.encoding" value="UTF-8" />
    <property name="run.test.jvmargs" value="" />
    <property name="libs.junit_4.javadoc" value="/Users/scttohara/Desktop/netbeans/platform/docs/junit-4.12-javadoc.jar" />
    <property name="default.javac.target" value="10" />
    <property name="javac.fork" value="false" />
    <property name="libs.eclipselink.classpath" value="/Users/scttohara/Desktop/netbeans/java/modules/ext/eclipselink/org.eclipse.persistence.core-2.5.2.jar:/Users/scttohara/Desktop/netbeans/java/modules/ext/eclipselink/org.eclipse.persistence.asm-2.5.2.jar:/Users/scttohara/Desktop/netbeans/java/modules/ext/eclipselink/org.eclipse.persistence.antlr-2.5.2.jar:/Users/scttohara/Desktop/netbeans/java/modules/ext/eclipselink/org.eclipse.persistence.jpa-2.5.2.jar:/Users/scttohara/Desktop/netbeans/java/modules/ext/eclipselink/org.eclipse.persistence.jpa.jpql-2.5.2.jar:/Users/scttohara/Desktop/netbeans/java/modules/ext/eclipselink/javax.persistence-2.1.0.jar" />
    <property name="sun.java2d.dpiaware" value="true" />
    <property name="libs.Comet-GlassFish-v3.classpath" value="" />
    <property name="libs.javac-api.classpath" value="" />
    <property name="libs.JAVADB_DRIVER_LABEL.classpath" value="/Applications/NetBeans/glassfish-4.1.1/javadb/lib/derby.jar:/Applications/NetBeans/glassfish-4.1.1/javadb/lib/derbyclient.jar:/Applications/NetBeans/glassfish-4.1.1/javadb/lib/derbynet.jar" />
    <property name="libs.Comet-GlassFish-v3.javadoc" value="" />
    <property name="libs.EclipseLink-GlassFish-v3.src" value="" />
    <property name="ant.file.paystation-impl" value="/Users/scttohara/Desktop/Lab3_TDD/paystationtdd-team_for_paystationtdd/nbproject/build-impl.xml" />
    <property name="netbeans.importclass" value="org.netbeans.upgrade.AutoUpgrade" />
    <property name="libs.PostgreSQLDriver.maven-pom" value="" />
    <property name="netbeans.autoupdate.version" value="1.23" />
    <property name="libs.absolutelayout.src" value="" />
    <property name="empty.dir" value="/Users/scttohara/Desktop/Lab3_TDD/paystationtdd-team_for_paystationtdd/build/empty" />
    <property name="testng.mode" value="testng" />
    <property name="annotation.processing.enabled.in.editor" value="false" />
    <property name="netbeans.user" value="/Users/scttohara/Library/Application Support/NetBeans/9.0" />
    <property name="file.separator" value="/" />
    <property name="java.vm.compressedOopsMode" value="Zero based" />
    <property name="line.separator" value="&#xa;" />
    <property name="javadoc.additionalparam" value="" />
    <property name="netbeans.productversion" value="Apache NetBeans IDE 9.0 (Build incubator-netbeans-release-334-on-20180708)" />
    <property name="javac.debug" value="true" />
    <property name="libs.testng.classpath" value="/Users/scttohara/Desktop/netbeans/platform/modules/ext/testng-6.8.1-dist.jar" />
    <property name="mkdist.disabled" value="false" />
    <property name="libs.Java-EE-GlassFish-v3-Prelude.src" value="" />
    <property name="user.name" value="scttohara" />
    <property name="build.classes.dir" value="build/classes" />
    <property name="nb.junit.single" value="false" />
    <property name="javadoc.windowtitle" value="" />
    <property name="nb.internal.action.name" value="test" />
    <property name="libs.absolutelayout.javadoc" value="" />
    <property name="libs.Java-EE-GlassFish-v3-Prelude.javadoc" value="/Applications/NetBeans/NetBeans 8.2.app/Contents/Resources/NetBeans/enterprise/docs/javaee-doc-api.jar" />
    <property name="libs.jaxws21.src" value="" />
    <property name="libs.Java-EE-GlassFish-v3-Prelude.maven-pom" value="" />
    <property name="ant.file.type.paystation-impl" value="file" />
    <property name="annotation.processing.processor.options" value="" />
    <property name="libs.jaxb.maven-pom" value="" />
    <property name="dist.dir" value="dist" />
    <property name="build.dir" value="build" />
    <property name="jna.loaded" value="true" />
    <property name="netbeans.autoupdate.variant" value="" />
    <property name="libs.jpa20-persistence.javadoc" value="/Users/scttohara/Desktop/netbeans/java/modules/ext/docs/javax.persistence-2.1.0-doc.zip" />
    <property name="javadoc.version" value="false" />
    <property name="ant.junit.enabletestlistenerevents" value="true" />
    <property name="libs.JWSAntTasks.src" value="" />
    <property name="libs.CopyLibs.classpath" value="/Users/scttohara/Desktop/netbeans/java/ant/extra/org-netbeans-modules-java-j2seproject-copylibstask.jar" />
    <property name="ant.home" value="/Users/scttohara/Desktop/netbeans/extide/ant" />
    <property name="debug.test.classpath" value=":build/classes:/Users/scttohara/Desktop/netbeans/platform/modules/ext/junit-4.12.jar:/Users/scttohara/Desktop/netbeans/platform/modules/ext/hamcrest-core-1.3.jar:build/test/classes" />
    <property name="have.tests" value="true" />
    <property name="sun.os.patch.level" value="unknown" />
    <property name="testng.debug.mode" value="" />
    <property name="javac.target" value="1.8" />
    <property name="ant.version" value="Apache Ant(TM) version 1.10.4 compiled on June 19 2018" />
    <property name="libs.EclipseLink-GlassFish-v3.javadoc" value="/Applications/NetBeans/NetBeans 8.2.app/Contents/Resources/NetBeans/enterprise/docs/javaee-doc-api.jar" />
    <property name="libs.absolutelayout.maven-pom" value="" />
    <property name="javac.test.processorpath" value=":build/classes:/Users/scttohara/Desktop/netbeans/platform/modules/ext/junit-4.12.jar:/Users/scttohara/Desktop/netbeans/platform/modules/ext/hamcrest-core-1.3.jar" />
    <property name="java.failonerror" value="true" />
    <property name="netbeans.dirs" value="/Users/scttohara/Desktop/netbeans/nb:/Users/scttohara/Desktop/netbeans/ergonomics:/Users/scttohara/Desktop/netbeans/ide:/Users/scttohara/Desktop/netbeans/extide:/Users/scttohara/Desktop/netbeans/java:/Users/scttohara/Desktop/netbeans/apisupport:/Users/scttohara/Desktop/netbeans/webcommon:/Users/scttohara/Desktop/netbeans/websvccommon:/Users/scttohara/Desktop/netbeans/enterprise:/Users/scttohara/Desktop/netbeans/mobility:/Users/scttohara/Desktop/netbeans/profiler:/Users/scttohara/Desktop/netbeans/python:/Users/scttohara/Desktop/netbeans/php:/Users/scttohara/Desktop/netbeans/identity:/Users/scttohara/Desktop/netbeans/harness:/Users/scttohara/Desktop/netbeans/cnd:/Users/scttohara/Desktop/netbeans/cndext:/Users/scttohara/Desktop/netbeans/dlight:/Users/scttohara/Desktop/netbeans/groovy:/Users/scttohara/Desktop/netbeans/extra:/Users/scttohara/Desktop/netbeans/javacard:/Users/scttohara/Desktop/netbeans/javafx:" />
    <property name="socksNonProxyHosts" value="local|*.local|169.254/16|*.169.254/16" />
    <property name="libs.JAVADB_DRIVER_LABEL.javadoc" value="" />
    <property name="javac.modulepath" value="" />
    <property name="user.properties.file" value="/Users/scttohara/Library/Application Support/NetBeans/9.0/build.properties" />
    <property name="gopherProxySet" value="false" />
    <property name="libs.hamcrest.maven-pom" value="" />
    <property name="libs.EclipseLink-GlassFish-v3.maven-pom" value="" />
    <property name="netbeans.autoupdate.country" value="US" />
    <property name="file.encoding.pkg" value="sun.io" />
    <property name="javac.processorpath" value="" />
    <property name="netbeans.accept_license_class" value="org.netbeans.license.AcceptLicense" />
    <property name="java.class.path" value="/Users/scttohara/Desktop/Lab3_TDD/paystationtdd-team_for_paystationtdd/build/classes:/Users/scttohara/Desktop/netbeans/platform/modules/ext/junit-4.12.jar:/Users/scttohara/Desktop/netbeans/platform/modules/ext/hamcrest-core-1.3.jar:/Users/scttohara/Desktop/Lab3_TDD/paystationtdd-team_for_paystationtdd/build/test/classes:/Users/scttohara/Desktop/netbeans/extide/ant/lib/ant-launcher.jar:/Users/scttohara/Desktop/netbeans/extide/ant/lib/ant.jar:/Users/scttohara/Desktop/netbeans/extide/ant/lib/ant-junit.jar:/Users/scttohara/Desktop/netbeans/extide/ant/lib/ant-junit4.jar" />
    <property name="libs.JWSAntTasks.maven-pom" value="" />
    <property name="java.vm.vendor" value="&quot;Oracle Corporation&quot;" />
    <property name="ap.supported.internal" value="true" />
    <property name="netbeans.home+have.tests" value="true" />
    <property name="run.modulepath" value="" />
    <property name="test.binaryexcludes" value="" />
    <property name="ant.file.paystation" value="/Users/scttohara/Desktop/Lab3_TDD/paystationtdd-team_for_paystationtdd/build.xml" />
    <property name="do.archive+manifest.available" value="true" />
    <property name="javac.compilerargs" value="" />
    <property name="apple.laf.useScreenMenuBar" value="true" />
    <property name="user.country" value="US" />
    <property name="sun.java.launcher" value="SUN_STANDARD" />
    <property name="libs.jpa20-persistence.src" value="" />
    <property name="endorsed.classpath" value="" />
    <property name="javac.test.sourcepath" value="/Users/scttohara/Desktop/Lab3_TDD/paystationtdd-team_for_paystationtdd/build/empty" />
    <property name="sun.cpu.endian" value="little" />
    <property name="libs.junit_4.src" value="/Users/scttohara/Desktop/netbeans/platform/docs/junit-4.12-sources.jar" />
    <property name="user.language" value="en" />
    <property name="junit.selected.version" value="4" />
    <property name="copylibs.rebase" value="true" />
    <property name="includes" value="**" />
    <property name="javadoc.nonavbar" value="false" />
    <property name="ant.java.version" value="10" />
    <property name="libs.junit_4.classpath" value="/Users/scttohara/Desktop/netbeans/platform/modules/ext/junit-4.12.jar" />
    <property name="libs.hamcrest.classpath" value="/Users/scttohara/Desktop/netbeans/platform/modules/ext/hamcrest-core-1.3.jar" />
    <property name="libs.EclipseLink-GlassFish-v3.classpath" value="/Applications/NetBeans/glassfish-4.1.1/glassfish/modules/org.eclipse.persistence.antlr.jar:/Applications/NetBeans/glassfish-4.1.1/glassfish/modules/org.eclipse.persistence.asm.jar:/Applications/NetBeans/glassfish-4.1.1/glassfish/modules/org.eclipse.persistence.core.jar:/Applications/NetBeans/glassfish-4.1.1/glassfish/modules/org.eclipse.persistence.dbws.jar:/Applications/NetBeans/glassfish-4.1.1/glassfish/modules/org.eclipse.persistence.jpa.jar:/Applications/NetBeans/glassfish-4.1.1/glassfish/modules/org.eclipse.persistence.jpa.jpql.jar:/Applications/NetBeans/glassfish-4.1.1/glassfish/modules/org.eclipse.persistence.jpa.modelgen.processor.jar:/Applications/NetBeans/glassfish-4.1.1/glassfish/modules/org.eclipse.persistence.moxy.jar:/Applications/NetBeans/glassfish-4.1.1/glassfish/modules/org.eclipse.persistence.oracle.jar:/Applications/NetBeans/glassfish-4.1.1/glassfish/modules/javax.persistence.jar" />
    <property name="javadoc.splitindex" value="true" />
    <property name="libs.JWSAntTasks.classpath" value="/Users/scttohara/Desktop/netbeans/java/ant/extra/org-netbeans-modules-javawebstart-anttasks.jar" />
    <property name="junit.available" value="true" />
    <property name="test.binarytestincludes" value="" />
    <property name="libs.junit_4.maven-pom" value="" />
    <property name="javac.processormodulepath" value="" />
    <property name="runtime.encoding" value="UTF-8" />
    <property name="javadoc.encoding" value="UTF-8" />
    <property name="javac.classpath" value="" />
    <property name="ftp.nonProxyHosts" value="local|*.local|169.254/16|*.169.254/16" />
    <property name="do.mkdist" value="true" />
    <property name="netbeans.hash.code" value="unique=08f161488-433f-4c63-9dfc-1c42a8761d56_d4efda59-d169-480d-93a0-991b0eb619b9" />
    <property name="nb.junit.batch" value="true" />
    <property name="libs.JAVADB_DRIVER_LABEL.maven-pom" value="" />
    <property name="build.test.classes.dir" value="build/test/classes" />
    <property name="java.runtime.name" value="Java(TM) SE Runtime Environment" />
    <property name="manifest.available" value="true" />
    <property name="libs.jaxb.javadoc" value="/Users/scttohara/Desktop/netbeans/ide/docs/jaxb-api-2.2.5-javadoc.jar" />
    <property name="libs.spring-framework300.maven-pom" value="" />
    <property name="ant.project.invoked-targets" value="test" />
    <property name="run.jvmargs.ide" value="" />
    <property name="jna.platform.library.path" value="/usr/lib:/usr/lib" />
    <property name="ap.cmd.line.internal" value="" />
    <property name="libs.PostgreSQLDriver.src" value="" />
    <property name="ant.core.lib" value="/Users/scttohara/Desktop/netbeans/extide/ant/lib/ant.jar" />
    <property name="java.vendor.url.bug" value="http://bugreport.java.com/bugreport/" />
    <property name="annotation.processing.source.output" value="build/generated-sources/ap-source-output" />
    <property name="netbeans.logger.console" value="true" />
    <property name="javac.profile.cmd.line.arg" value="" />
    <property name="user.dir" value="/Users/scttohara/Desktop/Lab3_TDD/paystationtdd-team_for_paystationtdd" />
    <property name="platform.java" value="/Library/Java/JavaVirtualMachines/jdk-10.0.2.jdk/Contents/Home/bin/java" />
    <property name="application.args" value="" />
    <property name="application.title" value="paystation" />
    <property name="javac.test.modulepath" value="" />
    <property name="ignore.failing.tests" value="true" />
    <property name="org.xml.sax.driver" value="com.sun.org.apache.xerces.internal.jaxp.SAXParserImpl$JAXPSAXParser" />
    <property name="libs.PostgreSQLDriver.javadoc" value="" />
    <property name="libs.eclipselink.src" value="" />
    <property name="java.vm.version" value="10.0.2+13" />
    <property name="sun.awt.datatransfer.timeout" value="1000" />
    <property name="annotation.processing.run.all.processors" value="true" />
    <property name="junit.forkmode" value="perTest" />
  </properties>
  <testcase classname="paystation.domain.PayStationImplTest" name="shouldClearAfterCancel" time="0.002" />
  <testcase classname="paystation.domain.PayStationImplTest" name="shouldClearAfterBuy" time="0.0" />
  <testcase classname="paystation.domain.PayStationImplTest" name="shouldReturnReceiptWhenBuy100c" time="0.001" />
  <testcase classname="paystation.domain.PayStationImplTest" name="testEmpty" time="0.0" />
  <testcase classname="paystation.domain.PayStationImplTest" name="shouldRejectIllegalCoin" time="0.0" />
  <testcase classname="paystation.domain.PayStationImplTest" name="shouldDisplay14MinFor10And25Cents" time="0.0" />
  <testcase classname="paystation.domain.PayStationImplTest" name="shouldDisplay2MinFor5Cents" time="0.0" />
  <testcase classname="paystation.domain.PayStationImplTest" name="testCancel" time="0.0" />
  <testcase classname="paystation.domain.PayStationImplTest" name="shouldReturnCorrectReceiptWhenBuy" time="0.001" />
  <testcase classname="paystation.domain.PayStationImplTest" name="shouldDisplay10MinFor25Cents" time="0.0" />
  <system-out><![CDATA[]]></system-out>
  <system-err><![CDATA[]]></system-err>
</testsuite>
